The system is: Windows - 10.0.22621 - AMD64
Compiling the CXX compiler identification source file "CMakeCXXCompilerId.cpp" succeeded.
Compiler:  
Build flags: 
Id flags:  

The output was:
0
MSBuild version 17.3.0+f67e3d35e for .NET Framework
Build started 12/17/2022 2:52:34 PM.
Project "C:\Users\andre\OneDrive\Desktop\Closedfish\closedfish\build\CMakeFiles\3.25.1\CompilerIdCXX\CompilerIdCXX.vcxproj" on node 1 (default targets).
PrepareForBuild:
  Creating directory "Debug\".
  Creating directory "Debug\CompilerIdCXX.tlog\".
InitializeBuildStatus:
  Creating "Debug\CompilerIdCXX.tlog\unsuccessfulbuild" because "AlwaysCreate" was specified.
VcpkgTripletSelection:
  Using triplet "x86-windows" from "C:\Users\andre\OneDrive\Desktop\Closedfish\closedfish\external\vcpkg\installed\x86-windows\"
  Using normalized configuration "Release"
VcpkgCheckManifestRoot:
  The vcpkg manifest was disabled, but we found a manifest file in C:\Users\andre\OneDrive\Desktop\Closedfish\closedfish\. You may want to enable vcpkg manifests in your properties page or pass /p:VcpkgEnableManifest=true to the msbuild invocation.
ClCompile:
  C:\Program Files\Microsoft Visual Studio\2022\Community\VC\Tools\MSVC\14.33.31629\bin\HostX64\x86\CL.exe /c /I"C:\Users\andre\OneDrive\Desktop\Closedfish\closedfish\external\vcpkg\installed\x86-windows\include" /nologo /W0 /WX- /diagnostics:column /Od /Oy- /D _MBCS /Gm- /EHsc /RTC1 /MDd /GS /Zc:wchar_t /Zc:forScope /Zc:inline /Fo"Debug\\" /Fd"Debug\vc143.pdb" /external:W0 /Gd /TP /analyze- /FC /errorReport:queue CMakeCXXCompilerId.cpp
  CMakeCXXCompilerId.cpp
Link:
  C:\Program Files\Microsoft Visual Studio\2022\Community\VC\Tools\MSVC\14.33.31629\bin\HostX64\x86\link.exe /ERRORREPORT:QUEUE /OUT:".\CompilerIdCXX.exe" /INCREMENTAL:NO /NOLOGO /LIBPATH:"C:\Users\andre\OneDrive\Desktop\Closedfish\closedfish\external\vcpkg\installed\x86-windows\lib" /LIBPATH:"C:\Users\andre\OneDrive\Desktop\Closedfish\closedfish\external\vcpkg\installed\x86-windows\lib\manual-link" kernel32.lib user32.lib gdi32.lib winspool.lib comdlg32.lib advapi32.lib shell32.lib ole32.lib oleaut32.lib uuid.lib odbc32.lib odbccp32.lib "C:\Users\andre\OneDrive\Desktop\Closedfish\closedfish\external\vcpkg\installed\x86-windows\lib\*.lib" /MANIFEST /MANIFESTUAC:"level='asInvoker' uiAccess='false'" /manifest:embed /PDB:".\CompilerIdCXX.pdb" /SUBSYSTEM:CONSOLE /TLBID:1 /DYNAMICBASE /NXCOMPAT /IMPLIB:".\CompilerIdCXX.lib" /MACHINE:X86 /SAFESEH Debug\CMakeCXXCompilerId.obj
  CompilerIdCXX.vcxproj -> C:\Users\andre\OneDrive\Desktop\Closedfish\closedfish\build\CMakeFiles\3.25.1\CompilerIdCXX\CompilerIdCXX.exe
AppLocalFromInstalled:
  pwsh.exe -ExecutionPolicy Bypass -noprofile -File "C:\Users\andre\OneDrive\Desktop\Closedfish\closedfish\external\vcpkg\scripts\buildsystems\msbuild\applocal.ps1" "C:\Users\andre\OneDrive\Desktop\Closedfish\closedfish\build\CMakeFiles\3.25.1\CompilerIdCXX\CompilerIdCXX.exe" "C:\Users\andre\OneDrive\Desktop\Closedfish\closedfish\external\vcpkg\installed\x86-windows\bin" "Debug\CompilerIdCXX.tlog\CompilerIdCXX.write.1u.tlog" "Debug\vcpkg.applocal.log"
PostBuildEvent:
  for %%i in (cl.exe) do @echo CMAKE_CXX_COMPILER=%%~$PATH:i
  :VCEnd
  CMAKE_CXX_COMPILER=C:\Program Files\Microsoft Visual Studio\2022\Community\VC\Tools\MSVC\14.33.31629\bin\Hostx64\x86\cl.exe
FinalizeBuildStatus:
  Deleting file "Debug\CompilerIdCXX.tlog\unsuccessfulbuild".
  Touching "Debug\CompilerIdCXX.tlog\CompilerIdCXX.lastbuildstate".
Done Building Project "C:\Users\andre\OneDrive\Desktop\Closedfish\closedfish\build\CMakeFiles\3.25.1\CompilerIdCXX\CompilerIdCXX.vcxproj" (default targets).

Build succeeded.
    0 Warning(s)
    0 Error(s)

Time Elapsed 00:00:04.43


Compilation of the CXX compiler identification source "CMakeCXXCompilerId.cpp" produced "CompilerIdCXX.exe"

Compilation of the CXX compiler identification source "CMakeCXXCompilerId.cpp" produced "CompilerIdCXX.vcxproj"

The CXX compiler identification is MSVC, found in "C:/Users/andre/OneDrive/Desktop/Closedfish/closedfish/build/CMakeFiles/3.25.1/CompilerIdCXX/CompilerIdCXX.exe"

Detecting CXX compiler ABI info compiled with the following output:
Change Dir: C:/Users/andre/OneDrive/Desktop/Closedfish/closedfish/build/CMakeFiles/CMakeScratch/TryCompile-wwxxw0

Run Build Command(s):C:/Program Files/Microsoft Visual Studio/2022/Community/MSBuild/Current/Bin/amd64/MSBuild.exe cmTC_5b496.vcxproj /p:Configuration=Debug /p:Platform=win32 /p:VisualStudioVersion=17.0 /v:m && MSBuild version 17.3.0+f67e3d35e for .NET Framework
  The vcpkg manifest was disabled, but we found a manifest file in C:\Users\andre\OneDrive\Desktop\Closedfish\closedfish\. You may want to enable vcpkg manifests in your properties page or pass /p:VcpkgEnableManifest=true to the msbuild invocation.
  Microsoft (R) C/C++ Optimizing Compiler Version 19.33.31629 for x86
  CMakeCXXCompilerABI.cpp
  Copyright (C) Microsoft Corporation.  All rights reserved.
  cl /c /I"C:\Users\andre\OneDrive\Desktop\Closedfish\closedfish\external\vcpkg\installed\x86-windows\include" /Zi /W1 /WX- /diagnostics:column /Od /Ob0 /Oy- /D _MBCS /D WIN32 /D _WINDOWS /D "CMAKE_INTDIR=\"Debug\"" /Gm- /EHsc /RTC1 /MDd /GS /Zc:wchar_t /Zc:forScope /Zc:inline /GR /Fo"cmTC_5b496.dir\Debug\\" /Fd"cmTC_5b496.dir\Debug\vc143.pdb" /external:W1 /Gd /TP /analyze- /errorReport:queue "C:\Program Files\CMake\share\cmake-3.25\Modules\CMakeCXXCompilerABI.cpp"
  cmTC_5b496.vcxproj -> C:\Users\andre\OneDrive\Desktop\Closedfish\closedfish\build\CMakeFiles\CMakeScratch\TryCompile-wwxxw0\Debug\cmTC_5b496.exe



